[debug] [2025-05-06T03:16:36.642Z] ----------------------------------------------------------------------
[debug] [2025-05-06T03:16:36.644Z] Command:       C:\Program Files\nodejs\node.exe C:\Users\gods gifts\AppData\Roaming\npm\node_modules\firebase-tools\lib\bin\firebase.js init hosting
[debug] [2025-05-06T03:16:36.645Z] CLI Version:   14.2.1
[debug] [2025-05-06T03:16:36.645Z] Platform:      win32
[debug] [2025-05-06T03:16:36.645Z] Node Version:  v22.15.0
[debug] [2025-05-06T03:16:36.645Z] Time:          Tue May 06 2025 08:46:36 GMT+0530 (India Standard Time)
[debug] [2025-05-06T03:16:36.645Z] ----------------------------------------------------------------------
[debug] 
[debug] [2025-05-06T03:16:36.693Z] > command requires scopes: ["email","openid","https://www.googleapis.com/auth/cloudplatformprojects.readonly","https://www.googleapis.com/auth/firebase","https://www.googleapis.com/auth/cloud-platform"]
[debug] [2025-05-06T03:16:36.693Z] > authorizing via signed-in user (geddamgowridhar018@gmail.com)
[info] 
     ######## #### ########  ######## ########     ###     ######  ########
     ##        ##  ##     ## ##       ##     ##  ##   ##  ##       ##
     ######    ##  ########  ######   ########  #########  ######  ######
     ##        ##  ##    ##  ##       ##     ## ##     ##       ## ##
     ##       #### ##     ## ######## ########  ##     ##  ######  ########

You're about to initialize a Firebase project in this directory:

  D:\ResumeProject\chat-with-me

[info] 
=== Project Setup
[info] 
[info] First, let's associate this project directory with a Firebase project.
[info] You can create multiple project aliases by running firebase use --add, 
[info] but for now we'll just set up a default project.
[info] 
